<?xml version="1.0" encoding="UTF-8"?>
<coverage generated="1548406065347" clover="3.2.0">
  <project timestamp="1548406065348" name="All files">
    <metrics statements="14" coveredstatements="13" conditionals="7" coveredconditionals="5" methods="3" coveredmethods="3" elements="24" coveredelements="21" complexity="0" loc="14" ncloc="14" packages="1" files="1" classes="1">
      <file name="coverage.js" path="/Users/jonasstattin/Develop/javascript4/kodexempel/testing/coverage/src/coverage.js">
        <metrics statements="14" coveredstatements="13" conditionals="7" coveredconditionals="5" methods="3" coveredmethods="3"/>
        <line num="2" count="1" type="stmt"/>
        <line num="3" count="1" type="cond" truecount="1" falsecount="1"/>
        <line num="4" count="1" type="stmt"/>
        <line num="7" count="1" type="stmt"/>
        <line num="12" count="1" type="cond" truecount="1" falsecount="1"/>
        <line num="13" count="0" type="stmt"/>
        <line num="15" count="1" type="stmt"/>
        <line num="20" count="3" type="stmt"/>
        <line num="21" count="3" type="cond" truecount="3" falsecount="0"/>
        <line num="23" count="1" type="stmt"/>
        <line num="24" count="1" type="stmt"/>
        <line num="26" count="1" type="stmt"/>
        <line num="28" count="2" type="stmt"/>
        <line num="30" count="3" type="stmt"/>
      </file>
    </metrics>
  </project>
</coverage>
