{"/Users/jonasstattin/Develop/javascript4/kodexempel/testing/coverage/src/sum.js": {"path":"/Users/jonasstattin/Develop/javascript4/kodexempel/testing/coverage/src/sum.js","statementMap":{"0":{"start":{"line":1,"column":19},"end":{"line":6,"column":1}},"1":{"start":{"line":2,"column":2},"end":{"line":4,"column":3}},"2":{"start":{"line":3,"column":4},"end":{"line":3,"column":43}},"3":{"start":{"line":5,"column":2},"end":{"line":5,"column":31}}},"fnMap":{"0":{"name":"(anonymous_0)","decl":{"start":{"line":1,"column":19},"end":{"line":1,"column":20}},"loc":{"start":{"line":1,"column":28},"end":{"line":6,"column":1}},"line":1}},"branchMap":{"0":{"loc":{"start":{"line":2,"column":2},"end":{"line":4,"column":3}},"type":"if","locations":[{"start":{"line":2,"column":2},"end":{"line":4,"column":3}},{"start":{"line":2,"column":2},"end":{"line":4,"column":3}}],"line":2},"1":{"loc":{"start":{"line":2,"column":5},"end":{"line":2,"column":25}},"type":"binary-expr","locations":[{"start":{"line":2,"column":5},"end":{"line":2,"column":13}},{"start":{"line":2,"column":17},"end":{"line":2,"column":25}}],"line":2}},"s":{"0":1,"1":2,"2":1,"3":1},"f":{"0":2},"b":{"0":[1,1],"1":[2,2]},"_coverageSchema":"332fd63041d2c1bcb487cc26dd0d5f7d97098a6c","hash":"8ddd3fd9f07fc8d8d9c811ffa4e49dbbdc6a156b"}
}
